прочитали файл C:/Users/Dell/IdeaProjects/Akhmadullina_cw2_11-301/src/main/2be78862-eebb-46ee-a191-6f90edf8c625
размер блока данных:1390
контрольное число четности: 0
номер фрагмента: 4
подсчитанная четность: 0
прочитали файл C:/Users/Dell/IdeaProjects/Akhmadullina_cw2_11-301/src/main/2ed42393-34a9-4671-9eea-0da2e56ee9f8
размер блока данных:1390
контрольное число четности: 1
номер фрагмента: 6
подсчитанная четность: 1
прочитали файл C:/Users/Dell/IdeaProjects/Akhmadullina_cw2_11-301/src/main/7b6715c3-dd97-4c3c-9975-09e703e4c198
размер блока данных:1390
контрольное число четности: 0
номер фрагмента: 3
подсчитанная четность: 0
прочитали файл C:/Users/Dell/IdeaProjects/Akhmadullina_cw2_11-301/src/main/72aa39bd-3954-43d1-a597-af7c40cbb1a4
размер блока данных:1390
контрольное число четности: 0
номер фрагмента: 0
подсчитанная четность: 0
прочитали файл C:/Users/Dell/IdeaProjects/Akhmadullina_cw2_11-301/src/main/bd4bec47-0242-48b7-a0e5-244f3c9a2df0
размер блока данных:1390
контрольное число четности: 0
номер фрагмента: 1
подсчитанная четность: 0
прочитали файл C:/Users/Dell/IdeaProjects/Akhmadullina_cw2_11-301/src/main/d52690e9-6ec5-42af-bf37-377edfd1cdb7
размер блока данных:1390
контрольное число четности: 0
номер фрагмента: 2
подсчитанная четность: 0
прочитали файл C:/Users/Dell/IdeaProjects/Akhmadullina_cw2_11-301/src/main/f9eb3da3-1cee-4ee7-98b9-3599bebc1518
размер блока данных:1390
контрольное число четности: 0
номер фрагмента: 5
подсчитанная четность: 0
прочитали файл C:/Users/Dell/IdeaProjects/Akhmadullina_cw2_11-301/src/main/f365e1c1-4a86-4f48-a34d-c04bcba642df
размер блока данных:1387
контрольное число четности: 1
номер фрагмента: 7
подсчитанная четность: 1
